Arguments: 
  /Users/callumbasford/Library/Application Support/fnm/node-versions/v18.14.2/installation/bin/node /Users/callumbasford/Library/Caches/fnm_multishells/11264_1678967346539/bin/yarn add prisma @prisma/client type-orm pg

PATH: 
  /usr/local/Caskroom/google-cloud-sdk/latest/google-cloud-sdk/bin:/Users/callumbasford/Library/Caches/fnm_multishells/11264_1678967346539/bin:/usr/local/bin:/usr/bin:/bin:/usr/sbin:/sbin:/Library/Apple/usr/bin:$ANDROID_HOME/emulator,$ANDROID_HOME/tools,$ANDROID_HOME/tools/bin,$ANDROID_HOME/platform-tools:~/bin/eliq

Yarn version: 
  1.22.19

Node version: 
  18.14.2

Platform: 
  darwin x64

Trace: 
  Error: https://registry.yarnpkg.com/type-orm: Not found
      at params.callback [as _callback] (/Users/callumbasford/Library/Application Support/fnm/node-versions/v18.14.2/installation/lib/node_modules/yarn/lib/cli.js:66145:18)
      at self.callback (/Users/callumbasford/Library/Application Support/fnm/node-versions/v18.14.2/installation/lib/node_modules/yarn/lib/cli.js:140890:22)
      at Request.emit (node:events:513:28)
      at Request.<anonymous> (/Users/callumbasford/Library/Application Support/fnm/node-versions/v18.14.2/installation/lib/node_modules/yarn/lib/cli.js:141862:10)
      at Request.emit (node:events:513:28)
      at IncomingMessage.<anonymous> (/Users/callumbasford/Library/Application Support/fnm/node-versions/v18.14.2/installation/lib/node_modules/yarn/lib/cli.js:141784:12)
      at Object.onceWrapper (node:events:627:28)
      at IncomingMessage.emit (node:events:525:35)
      at endReadableNT (node:internal/streams/readable:1359:12)
      at process.processTicksAndRejections (node:internal/process/task_queues:82:21)

npm manifest: 
  {
    "name": "type-orm-vs-prisma",
    "version": "1.0.0",
    "description": "",
    "main": "index.js",
    "scripts": {
      "test": "echo \"Error: no test specified\" && exit 1"
    },
    "author": "",
    "license": "ISC",
    "devDependencies": {
      "typescript": "^5.0.3"
    }
  }

yarn manifest: 
  No manifest

Lockfile: 
  # THIS IS AN AUTOGENERATED FILE. DO NOT EDIT THIS FILE DIRECTLY.
  # yarn lockfile v1
  
  
  typescript@^5.0.3:
    version "5.0.3"
    resolved "https://registry.yarnpkg.com/typescript/-/typescript-5.0.3.tgz#fe976f0c826a88d0a382007681cbb2da44afdedf"
    integrity sha512-xv8mOEDnigb/tN9PSMTwSEqAnUvkoXMQlicOb0IUVDBSQCgBSaAAROUZYy2IcUy5qU6XajK5jjjO7TMWqBTKZA==
